=~=~=~=~=~=~=~=~=~=~=~= MobaXterm log 2021.12.11 10:38:26 =~=~=~=~=~=~=~=~=~=~=~=
alyon@turbot.cs.colostate.edu's password: 
    
                      MobaXterm Personal Edition v21.4                  
                   (SSH client, X server and network tools)               
                                                                          
      SSH session to alyon@turbot.cs.colostate.edu                       
        Direct SSH      :                                               
        SSH compression :                                               
        SSH-browser     :                                               
        X11-forwarding  :    (remote display is forwarded through SSH)  
                                                                          
      For more info, ctrl+click on help or visit our website.            
    




Session stopped
    - Press <return> to exit tab
    - Press R to restart session
    - Press S to save terminal output to file
    
                      MobaXterm Personal Edition v21.4                  
                   (SSH client, X server and network tools)               
                                                                          
      SSH session to alyon@turbot.cs.colostate.edu                       
        Direct SSH      :                                               
        SSH compression :                                               
        SSH-browser     :                                               
        X11-forwarding  :    (remote display is forwarded through SSH)  
                                                                          
      For more info, ctrl+click on help or visit our website.            
    




Session stopped
    - Press <return> to exit tab
    - Press R to restart session
    - Press S to save terminal output to file
    
                      MobaXterm Personal Edition v21.4                  
                   (SSH client, X server and network tools)               
                                                                          
      SSH session to alyon@turbot.cs.colostate.edu                       
        Direct SSH      :                                               
        SSH compression :                                               
        SSH-browser     :                                               
        X11-forwarding  :    (remote display is forwarded through SSH)  
                                                                          
      For more info, ctrl+click on help or visit our website.            
    




Session stopped
    - Press <return> to exit tab
    - Press R to restart session
    - Press S to save terminal output to file
